<?xml version="1.0" encoding="UTF-8"?>
<testsuite xmlns:xsi="http://www.w3.org/2001/XMLSchema-instance" xsi:noNamespaceSchemaLocation="https://maven.apache.org/surefire/maven-surefire-plugin/xsd/surefire-test-report-3.0.xsd" version="3.0" name="TestRunner.TestRunner" time="56.25" tests="3" errors="0" skipped="0" failures="0">
  <properties>
    <property name="java.specification.version" value="18"/>
    <property name="sun.cpu.isalist" value="amd64"/>
    <property name="sun.jnu.encoding" value="Cp1252"/>
    <property name="java.class.path" value="D:\New folder\Workspace\hackathonprojectcucumber\target\test-classes;D:\New folder\Workspace\hackathonprojectcucumber\target\classes;C:\Users\S.D.Manoj\.m2\repository\org\seleniumhq\selenium\selenium-java\4.21.0\selenium-java-4.21.0.jar;C:\Users\S.D.Manoj\.m2\repository\org\seleniumhq\selenium\selenium-api\4.21.0\selenium-api-4.21.0.jar;C:\Users\S.D.Manoj\.m2\repository\org\seleniumhq\selenium\selenium-chrome-driver\4.21.0\selenium-chrome-driver-4.21.0.jar;C:\Users\S.D.Manoj\.m2\repository\com\google\auto\service\auto-service-annotations\1.1.1\auto-service-annotations-1.1.1.jar;C:\Users\S.D.Manoj\.m2\repository\org\seleniumhq\selenium\selenium-chromium-driver\4.21.0\selenium-chromium-driver-4.21.0.jar;C:\Users\S.D.Manoj\.m2\repository\org\seleniumhq\selenium\selenium-json\4.21.0\selenium-json-4.21.0.jar;C:\Users\S.D.Manoj\.m2\repository\org\seleniumhq\selenium\selenium-manager\4.21.0\selenium-manager-4.21.0.jar;C:\Users\S.D.Manoj\.m2\repository\org\seleniumhq\selenium\selenium-devtools-v123\4.21.0\selenium-devtools-v123-4.21.0.jar;C:\Users\S.D.Manoj\.m2\repository\org\seleniumhq\selenium\selenium-devtools-v124\4.21.0\selenium-devtools-v124-4.21.0.jar;C:\Users\S.D.Manoj\.m2\repository\org\seleniumhq\selenium\selenium-devtools-v125\4.21.0\selenium-devtools-v125-4.21.0.jar;C:\Users\S.D.Manoj\.m2\repository\org\seleniumhq\selenium\selenium-devtools-v85\4.21.0\selenium-devtools-v85-4.21.0.jar;C:\Users\S.D.Manoj\.m2\repository\org\seleniumhq\selenium\selenium-edge-driver\4.21.0\selenium-edge-driver-4.21.0.jar;C:\Users\S.D.Manoj\.m2\repository\org\seleniumhq\selenium\selenium-firefox-driver\4.21.0\selenium-firefox-driver-4.21.0.jar;C:\Users\S.D.Manoj\.m2\repository\org\seleniumhq\selenium\selenium-http\4.21.0\selenium-http-4.21.0.jar;C:\Users\S.D.Manoj\.m2\repository\dev\failsafe\failsafe\3.3.2\failsafe-3.3.2.jar;C:\Users\S.D.Manoj\.m2\repository\org\seleniumhq\selenium\selenium-ie-driver\4.21.0\selenium-ie-driver-4.21.0.jar;C:\Users\S.D.Manoj\.m2\repository\org\seleniumhq\selenium\selenium-remote-driver\4.21.0\selenium-remote-driver-4.21.0.jar;C:\Users\S.D.Manoj\.m2\repository\com\google\guava\guava\33.2.0-jre\guava-33.2.0-jre.jar;C:\Users\S.D.Manoj\.m2\repository\com\google\guava\failureaccess\1.0.2\failureaccess-1.0.2.jar;C:\Users\S.D.Manoj\.m2\repository\com\google\guava\listenablefuture\9999.0-empty-to-avoid-conflict-with-guava\listenablefuture-9999.0-empty-to-avoid-conflict-with-guava.jar;C:\Users\S.D.Manoj\.m2\repository\com\google\code\findbugs\jsr305\3.0.2\jsr305-3.0.2.jar;C:\Users\S.D.Manoj\.m2\repository\org\checkerframework\checker-qual\3.42.0\checker-qual-3.42.0.jar;C:\Users\S.D.Manoj\.m2\repository\com\google\errorprone\error_prone_annotations\2.26.1\error_prone_annotations-2.26.1.jar;C:\Users\S.D.Manoj\.m2\repository\com\google\j2objc\j2objc-annotations\3.0.0\j2objc-annotations-3.0.0.jar;C:\Users\S.D.Manoj\.m2\repository\io\opentelemetry\semconv\opentelemetry-semconv\1.25.0-alpha\opentelemetry-semconv-1.25.0-alpha.jar;C:\Users\S.D.Manoj\.m2\repository\io\opentelemetry\opentelemetry-api\1.38.0\opentelemetry-api-1.38.0.jar;C:\Users\S.D.Manoj\.m2\repository\io\opentelemetry\opentelemetry-context\1.38.0\opentelemetry-context-1.38.0.jar;C:\Users\S.D.Manoj\.m2\repository\io\opentelemetry\opentelemetry-exporter-logging\1.38.0\opentelemetry-exporter-logging-1.38.0.jar;C:\Users\S.D.Manoj\.m2\repository\io\opentelemetry\opentelemetry-sdk-common\1.38.0\opentelemetry-sdk-common-1.38.0.jar;C:\Users\S.D.Manoj\.m2\repository\io\opentelemetry\opentelemetry-sdk-extension-autoconfigure-spi\1.38.0\opentelemetry-sdk-extension-autoconfigure-spi-1.38.0.jar;C:\Users\S.D.Manoj\.m2\repository\io\opentelemetry\opentelemetry-sdk-extension-autoconfigure\1.38.0\opentelemetry-sdk-extension-autoconfigure-1.38.0.jar;C:\Users\S.D.Manoj\.m2\repository\io\opentelemetry\opentelemetry-api-incubator\1.38.0-alpha\opentelemetry-api-incubator-1.38.0-alpha.jar;C:\Users\S.D.Manoj\.m2\repository\io\opentelemetry\opentelemetry-sdk-trace\1.38.0\opentelemetry-sdk-trace-1.38.0.jar;C:\Users\S.D.Manoj\.m2\repository\io\opentelemetry\opentelemetry-sdk\1.38.0\opentelemetry-sdk-1.38.0.jar;C:\Users\S.D.Manoj\.m2\repository\io\opentelemetry\opentelemetry-sdk-metrics\1.38.0\opentelemetry-sdk-metrics-1.38.0.jar;C:\Users\S.D.Manoj\.m2\repository\io\opentelemetry\opentelemetry-sdk-logs\1.38.0\opentelemetry-sdk-logs-1.38.0.jar;C:\Users\S.D.Manoj\.m2\repository\net\bytebuddy\byte-buddy\1.14.15\byte-buddy-1.14.15.jar;C:\Users\S.D.Manoj\.m2\repository\org\seleniumhq\selenium\selenium-os\4.21.0\selenium-os-4.21.0.jar;C:\Users\S.D.Manoj\.m2\repository\org\apache\commons\commons-exec\1.4.0\commons-exec-1.4.0.jar;C:\Users\S.D.Manoj\.m2\repository\org\seleniumhq\selenium\selenium-safari-driver\4.21.0\selenium-safari-driver-4.21.0.jar;C:\Users\S.D.Manoj\.m2\repository\org\seleniumhq\selenium\selenium-support\4.21.0\selenium-support-4.21.0.jar;C:\Users\S.D.Manoj\.m2\repository\io\cucumber\cucumber-java\7.18.0\cucumber-java-7.18.0.jar;C:\Users\S.D.Manoj\.m2\repository\io\cucumber\cucumber-core\7.18.0\cucumber-core-7.18.0.jar;C:\Users\S.D.Manoj\.m2\repository\io\cucumber\cucumber-gherkin\7.18.0\cucumber-gherkin-7.18.0.jar;C:\Users\S.D.Manoj\.m2\repository\io\cucumber\cucumber-gherkin-messages\7.18.0\cucumber-gherkin-messages-7.18.0.jar;C:\Users\S.D.Manoj\.m2\repository\io\cucumber\gherkin\28.0.0\gherkin-28.0.0.jar;C:\Users\S.D.Manoj\.m2\repository\io\cucumber\messages\24.1.0\messages-24.1.0.jar;C:\Users\S.D.Manoj\.m2\repository\io\cucumber\testng-xml-formatter\0.1.0\testng-xml-formatter-0.1.0.jar;C:\Users\S.D.Manoj\.m2\repository\io\cucumber\query\12.1.2\query-12.1.2.jar;C:\Users\S.D.Manoj\.m2\repository\io\cucumber\tag-expressions\6.1.0\tag-expressions-6.1.0.jar;C:\Users\S.D.Manoj\.m2\repository\io\cucumber\cucumber-expressions\17.1.0\cucumber-expressions-17.1.0.jar;C:\Users\S.D.Manoj\.m2\repository\io\cucumber\datatable\7.18.0\datatable-7.18.0.jar;C:\Users\S.D.Manoj\.m2\repository\io\cucumber\cucumber-plugin\7.18.0\cucumber-plugin-7.18.0.jar;C:\Users\S.D.Manoj\.m2\repository\io\cucumber\docstring\7.18.0\docstring-7.18.0.jar;C:\Users\S.D.Manoj\.m2\repository\io\cucumber\html-formatter\21.3.1\html-formatter-21.3.1.jar;C:\Users\S.D.Manoj\.m2\repository\io\cucumber\junit-xml-formatter\0.4.0\junit-xml-formatter-0.4.0.jar;C:\Users\S.D.Manoj\.m2\repository\io\cucumber\ci-environment\10.0.1\ci-environment-10.0.1.jar;C:\Users\S.D.Manoj\.m2\repository\org\apiguardian\apiguardian-api\1.1.2\apiguardian-api-1.1.2.jar;C:\Users\S.D.Manoj\.m2\repository\io\cucumber\cucumber-junit\7.18.0\cucumber-junit-7.18.0.jar;C:\Users\S.D.Manoj\.m2\repository\junit\junit\4.13.2\junit-4.13.2.jar;C:\Users\S.D.Manoj\.m2\repository\org\hamcrest\hamcrest-core\1.3\hamcrest-core-1.3.jar;C:\Users\S.D.Manoj\.m2\repository\tech\grasshopper\extentreports-cucumber7-adapter\1.14.0\extentreports-cucumber7-adapter-1.14.0.jar;C:\Users\S.D.Manoj\.m2\repository\com\aventstack\extentreports\5.1.0\extentreports-5.1.0.jar;C:\Users\S.D.Manoj\.m2\repository\io\reactivex\rxjava3\rxjava\3.1.6\rxjava-3.1.6.jar;C:\Users\S.D.Manoj\.m2\repository\org\reactivestreams\reactive-streams\1.0.4\reactive-streams-1.0.4.jar;C:\Users\S.D.Manoj\.m2\repository\org\freemarker\freemarker\2.3.32\freemarker-2.3.32.jar;C:\Users\S.D.Manoj\.m2\repository\org\projectlombok\lombok\1.18.26\lombok-1.18.26.jar;C:\Users\S.D.Manoj\.m2\repository\com\google\code\gson\gson\2.10.1\gson-2.10.1.jar;C:\Users\S.D.Manoj\.m2\repository\tech\grasshopper\extent-pdf-report\2.12.0\extent-pdf-report-2.12.0.jar;C:\Users\S.D.Manoj\.m2\repository\tech\grasshopper\cucumber-pdf-report\2.14.0\cucumber-pdf-report-2.14.0.jar;C:\Users\S.D.Manoj\.m2\repository\org\apache\pdfbox\pdfbox\2.0.26\pdfbox-2.0.26.jar;C:\Users\S.D.Manoj\.m2\repository\org\apache\pdfbox\fontbox\2.0.26\fontbox-2.0.26.jar;C:\Users\S.D.Manoj\.m2\repository\org\knowm\xchart\xchart\3.8.0\xchart-3.8.0.jar;C:\Users\S.D.Manoj\.m2\repository\de\erichseifert\vectorgraphics2d\VectorGraphics2D\0.13\VectorGraphics2D-0.13.jar;C:\Users\S.D.Manoj\.m2\repository\de\rototor\pdfbox\graphics2d\0.30\graphics2d-0.30.jar;C:\Users\S.D.Manoj\.m2\repository\com\madgag\animated-gif-lib\1.4\animated-gif-lib-1.4.jar;C:\Users\S.D.Manoj\.m2\repository\org\yaml\snakeyaml\2.0\snakeyaml-2.0.jar;C:\Users\S.D.Manoj\.m2\repository\tech\grasshopper\table-layout\1.5.1\table-layout-1.5.1.jar;C:\Users\S.D.Manoj\.m2\repository\tech\grasshopper\rest-assured-cucumber-pdf-report\1.5.0\rest-assured-cucumber-pdf-report-1.5.0.jar;C:\Users\S.D.Manoj\.m2\repository\org\jsoup\jsoup\1.15.3\jsoup-1.15.3.jar;C:\Users\S.D.Manoj\.m2\repository\com\aventstack\klov-reporter\5.1.0\klov-reporter-5.1.0.jar;C:\Users\S.D.Manoj\.m2\repository\org\mongodb\mongodb-driver\3.6.4\mongodb-driver-3.6.4.jar;C:\Users\S.D.Manoj\.m2\repository\org\mongodb\mongodb-driver-core\3.6.4\mongodb-driver-core-3.6.4.jar;C:\Users\S.D.Manoj\.m2\repository\org\mongodb\bson\3.6.4\bson-3.6.4.jar;C:\Users\S.D.Manoj\.m2\repository\org\apache\httpcomponents\httpclient\4.5.13\httpclient-4.5.13.jar;C:\Users\S.D.Manoj\.m2\repository\org\apache\httpcomponents\httpcore\4.4.13\httpcore-4.4.13.jar;C:\Users\S.D.Manoj\.m2\repository\commons-logging\commons-logging\1.2\commons-logging-1.2.jar;C:\Users\S.D.Manoj\.m2\repository\commons-codec\commons-codec\1.11\commons-codec-1.11.jar;C:\Users\S.D.Manoj\.m2\repository\org\apache\httpcomponents\httpmime\4.5.13\httpmime-4.5.13.jar;C:\Users\S.D.Manoj\.m2\repository\tech\grasshopper\htmlextentreporter\1.1.0\htmlextentreporter-1.1.0.jar;C:\Users\S.D.Manoj\.m2\repository\tech\grasshopper\extent-excel-report\1.4.0\extent-excel-report-1.4.0.jar;C:\Users\S.D.Manoj\.m2\repository\org\apache\poi\poi\5.2.3\poi-5.2.3.jar;C:\Users\S.D.Manoj\.m2\repository\org\apache\commons\commons-collections4\4.4\commons-collections4-4.4.jar;C:\Users\S.D.Manoj\.m2\repository\org\apache\commons\commons-math3\3.6.1\commons-math3-3.6.1.jar;C:\Users\S.D.Manoj\.m2\repository\commons-io\commons-io\2.11.0\commons-io-2.11.0.jar;C:\Users\S.D.Manoj\.m2\repository\com\zaxxer\SparseBitSet\1.2\SparseBitSet-1.2.jar;C:\Users\S.D.Manoj\.m2\repository\org\apache\poi\poi-ooxml\5.2.3\poi-ooxml-5.2.3.jar;C:\Users\S.D.Manoj\.m2\repository\org\apache\poi\poi-ooxml-lite\5.2.3\poi-ooxml-lite-5.2.3.jar;C:\Users\S.D.Manoj\.m2\repository\org\apache\xmlbeans\xmlbeans\5.1.1\xmlbeans-5.1.1.jar;C:\Users\S.D.Manoj\.m2\repository\org\apache\commons\commons-compress\1.21\commons-compress-1.21.jar;C:\Users\S.D.Manoj\.m2\repository\com\github\virtuald\curvesapi\1.07\curvesapi-1.07.jar;C:\Users\S.D.Manoj\.m2\repository\org\apache\commons\commons-lang3\3.12.0\commons-lang3-3.12.0.jar;C:\Users\S.D.Manoj\.m2\repository\org\apache\logging\log4j\log4j-core\2.20.0\log4j-core-2.20.0.jar;C:\Users\S.D.Manoj\.m2\repository\org\apache\logging\log4j\log4j-api\2.20.0\log4j-api-2.20.0.jar;C:\Users\S.D.Manoj\.m2\repository\org\testng\testng\7.10.2\testng-7.10.2.jar;C:\Users\S.D.Manoj\.m2\repository\org\slf4j\slf4j-api\1.7.36\slf4j-api-1.7.36.jar;C:\Users\S.D.Manoj\.m2\repository\com\beust\jcommander\1.82\jcommander-1.82.jar;C:\Users\S.D.Manoj\.m2\repository\org\webjars\jquery\3.7.1\jquery-3.7.1.jar;C:\Users\S.D.Manoj\.m2\repository\io\cucumber\cucumber-testng\7.18.0\cucumber-testng-7.18.0.jar;C:\Users\S.D.Manoj\.m2\repository\org\apache\logging\log4j\log4j-slf4j-impl\2.17.1\log4j-slf4j-impl-2.17.1.jar;"/>
    <property name="java.vm.vendor" value="Oracle Corporation"/>
    <property name="sun.arch.data.model" value="64"/>
    <property name="user.variant" value=""/>
    <property name="java.vendor.url" value="https://java.oracle.com/"/>
    <property name="user.timezone" value="Asia/Calcutta"/>
    <property name="suiteXmlFile" value="testng.xml"/>
    <property name="os.name" value="Windows 11"/>
    <property name="java.vm.specification.version" value="18"/>
    <property name="sun.java.launcher" value="SUN_STANDARD"/>
    <property name="user.country" value="IN"/>
    <property name="sun.boot.library.path" value="C:\Program Files\Java\jdk-18.0.2\bin"/>
    <property name="sun.java.command" value="C:\Users\S.D.Manoj\AppData\Local\Temp\surefire16836755077012218958\surefirebooter-20240615234014437_3.jar C:\Users\S.D.Manoj\AppData\Local\Temp\surefire16836755077012218958 2024-06-15T23-40-14_018-jvmRun1 surefire-20240615234014437_1tmp surefire_0-20240615234014437_2tmp"/>
    <property name="jdk.debug" value="release"/>
    <property name="surefire.test.class.path" value="D:\New folder\Workspace\hackathonprojectcucumber\target\test-classes;D:\New folder\Workspace\hackathonprojectcucumber\target\classes;C:\Users\S.D.Manoj\.m2\repository\org\seleniumhq\selenium\selenium-java\4.21.0\selenium-java-4.21.0.jar;C:\Users\S.D.Manoj\.m2\repository\org\seleniumhq\selenium\selenium-api\4.21.0\selenium-api-4.21.0.jar;C:\Users\S.D.Manoj\.m2\repository\org\seleniumhq\selenium\selenium-chrome-driver\4.21.0\selenium-chrome-driver-4.21.0.jar;C:\Users\S.D.Manoj\.m2\repository\com\google\auto\service\auto-service-annotations\1.1.1\auto-service-annotations-1.1.1.jar;C:\Users\S.D.Manoj\.m2\repository\org\seleniumhq\selenium\selenium-chromium-driver\4.21.0\selenium-chromium-driver-4.21.0.jar;C:\Users\S.D.Manoj\.m2\repository\org\seleniumhq\selenium\selenium-json\4.21.0\selenium-json-4.21.0.jar;C:\Users\S.D.Manoj\.m2\repository\org\seleniumhq\selenium\selenium-manager\4.21.0\selenium-manager-4.21.0.jar;C:\Users\S.D.Manoj\.m2\repository\org\seleniumhq\selenium\selenium-devtools-v123\4.21.0\selenium-devtools-v123-4.21.0.jar;C:\Users\S.D.Manoj\.m2\repository\org\seleniumhq\selenium\selenium-devtools-v124\4.21.0\selenium-devtools-v124-4.21.0.jar;C:\Users\S.D.Manoj\.m2\repository\org\seleniumhq\selenium\selenium-devtools-v125\4.21.0\selenium-devtools-v125-4.21.0.jar;C:\Users\S.D.Manoj\.m2\repository\org\seleniumhq\selenium\selenium-devtools-v85\4.21.0\selenium-devtools-v85-4.21.0.jar;C:\Users\S.D.Manoj\.m2\repository\org\seleniumhq\selenium\selenium-edge-driver\4.21.0\selenium-edge-driver-4.21.0.jar;C:\Users\S.D.Manoj\.m2\repository\org\seleniumhq\selenium\selenium-firefox-driver\4.21.0\selenium-firefox-driver-4.21.0.jar;C:\Users\S.D.Manoj\.m2\repository\org\seleniumhq\selenium\selenium-http\4.21.0\selenium-http-4.21.0.jar;C:\Users\S.D.Manoj\.m2\repository\dev\failsafe\failsafe\3.3.2\failsafe-3.3.2.jar;C:\Users\S.D.Manoj\.m2\repository\org\seleniumhq\selenium\selenium-ie-driver\4.21.0\selenium-ie-driver-4.21.0.jar;C:\Users\S.D.Manoj\.m2\repository\org\seleniumhq\selenium\selenium-remote-driver\4.21.0\selenium-remote-driver-4.21.0.jar;C:\Users\S.D.Manoj\.m2\repository\com\google\guava\guava\33.2.0-jre\guava-33.2.0-jre.jar;C:\Users\S.D.Manoj\.m2\repository\com\google\guava\failureaccess\1.0.2\failureaccess-1.0.2.jar;C:\Users\S.D.Manoj\.m2\repository\com\google\guava\listenablefuture\9999.0-empty-to-avoid-conflict-with-guava\listenablefuture-9999.0-empty-to-avoid-conflict-with-guava.jar;C:\Users\S.D.Manoj\.m2\repository\com\google\code\findbugs\jsr305\3.0.2\jsr305-3.0.2.jar;C:\Users\S.D.Manoj\.m2\repository\org\checkerframework\checker-qual\3.42.0\checker-qual-3.42.0.jar;C:\Users\S.D.Manoj\.m2\repository\com\google\errorprone\error_prone_annotations\2.26.1\error_prone_annotations-2.26.1.jar;C:\Users\S.D.Manoj\.m2\repository\com\google\j2objc\j2objc-annotations\3.0.0\j2objc-annotations-3.0.0.jar;C:\Users\S.D.Manoj\.m2\repository\io\opentelemetry\semconv\opentelemetry-semconv\1.25.0-alpha\opentelemetry-semconv-1.25.0-alpha.jar;C:\Users\S.D.Manoj\.m2\repository\io\opentelemetry\opentelemetry-api\1.38.0\opentelemetry-api-1.38.0.jar;C:\Users\S.D.Manoj\.m2\repository\io\opentelemetry\opentelemetry-context\1.38.0\opentelemetry-context-1.38.0.jar;C:\Users\S.D.Manoj\.m2\repository\io\opentelemetry\opentelemetry-exporter-logging\1.38.0\opentelemetry-exporter-logging-1.38.0.jar;C:\Users\S.D.Manoj\.m2\repository\io\opentelemetry\opentelemetry-sdk-common\1.38.0\opentelemetry-sdk-common-1.38.0.jar;C:\Users\S.D.Manoj\.m2\repository\io\opentelemetry\opentelemetry-sdk-extension-autoconfigure-spi\1.38.0\opentelemetry-sdk-extension-autoconfigure-spi-1.38.0.jar;C:\Users\S.D.Manoj\.m2\repository\io\opentelemetry\opentelemetry-sdk-extension-autoconfigure\1.38.0\opentelemetry-sdk-extension-autoconfigure-1.38.0.jar;C:\Users\S.D.Manoj\.m2\repository\io\opentelemetry\opentelemetry-api-incubator\1.38.0-alpha\opentelemetry-api-incubator-1.38.0-alpha.jar;C:\Users\S.D.Manoj\.m2\repository\io\opentelemetry\opentelemetry-sdk-trace\1.38.0\opentelemetry-sdk-trace-1.38.0.jar;C:\Users\S.D.Manoj\.m2\repository\io\opentelemetry\opentelemetry-sdk\1.38.0\opentelemetry-sdk-1.38.0.jar;C:\Users\S.D.Manoj\.m2\repository\io\opentelemetry\opentelemetry-sdk-metrics\1.38.0\opentelemetry-sdk-metrics-1.38.0.jar;C:\Users\S.D.Manoj\.m2\repository\io\opentelemetry\opentelemetry-sdk-logs\1.38.0\opentelemetry-sdk-logs-1.38.0.jar;C:\Users\S.D.Manoj\.m2\repository\net\bytebuddy\byte-buddy\1.14.15\byte-buddy-1.14.15.jar;C:\Users\S.D.Manoj\.m2\repository\org\seleniumhq\selenium\selenium-os\4.21.0\selenium-os-4.21.0.jar;C:\Users\S.D.Manoj\.m2\repository\org\apache\commons\commons-exec\1.4.0\commons-exec-1.4.0.jar;C:\Users\S.D.Manoj\.m2\repository\org\seleniumhq\selenium\selenium-safari-driver\4.21.0\selenium-safari-driver-4.21.0.jar;C:\Users\S.D.Manoj\.m2\repository\org\seleniumhq\selenium\selenium-support\4.21.0\selenium-support-4.21.0.jar;C:\Users\S.D.Manoj\.m2\repository\io\cucumber\cucumber-java\7.18.0\cucumber-java-7.18.0.jar;C:\Users\S.D.Manoj\.m2\repository\io\cucumber\cucumber-core\7.18.0\cucumber-core-7.18.0.jar;C:\Users\S.D.Manoj\.m2\repository\io\cucumber\cucumber-gherkin\7.18.0\cucumber-gherkin-7.18.0.jar;C:\Users\S.D.Manoj\.m2\repository\io\cucumber\cucumber-gherkin-messages\7.18.0\cucumber-gherkin-messages-7.18.0.jar;C:\Users\S.D.Manoj\.m2\repository\io\cucumber\gherkin\28.0.0\gherkin-28.0.0.jar;C:\Users\S.D.Manoj\.m2\repository\io\cucumber\messages\24.1.0\messages-24.1.0.jar;C:\Users\S.D.Manoj\.m2\repository\io\cucumber\testng-xml-formatter\0.1.0\testng-xml-formatter-0.1.0.jar;C:\Users\S.D.Manoj\.m2\repository\io\cucumber\query\12.1.2\query-12.1.2.jar;C:\Users\S.D.Manoj\.m2\repository\io\cucumber\tag-expressions\6.1.0\tag-expressions-6.1.0.jar;C:\Users\S.D.Manoj\.m2\repository\io\cucumber\cucumber-expressions\17.1.0\cucumber-expressions-17.1.0.jar;C:\Users\S.D.Manoj\.m2\repository\io\cucumber\datatable\7.18.0\datatable-7.18.0.jar;C:\Users\S.D.Manoj\.m2\repository\io\cucumber\cucumber-plugin\7.18.0\cucumber-plugin-7.18.0.jar;C:\Users\S.D.Manoj\.m2\repository\io\cucumber\docstring\7.18.0\docstring-7.18.0.jar;C:\Users\S.D.Manoj\.m2\repository\io\cucumber\html-formatter\21.3.1\html-formatter-21.3.1.jar;C:\Users\S.D.Manoj\.m2\repository\io\cucumber\junit-xml-formatter\0.4.0\junit-xml-formatter-0.4.0.jar;C:\Users\S.D.Manoj\.m2\repository\io\cucumber\ci-environment\10.0.1\ci-environment-10.0.1.jar;C:\Users\S.D.Manoj\.m2\repository\org\apiguardian\apiguardian-api\1.1.2\apiguardian-api-1.1.2.jar;C:\Users\S.D.Manoj\.m2\repository\io\cucumber\cucumber-junit\7.18.0\cucumber-junit-7.18.0.jar;C:\Users\S.D.Manoj\.m2\repository\junit\junit\4.13.2\junit-4.13.2.jar;C:\Users\S.D.Manoj\.m2\repository\org\hamcrest\hamcrest-core\1.3\hamcrest-core-1.3.jar;C:\Users\S.D.Manoj\.m2\repository\tech\grasshopper\extentreports-cucumber7-adapter\1.14.0\extentreports-cucumber7-adapter-1.14.0.jar;C:\Users\S.D.Manoj\.m2\repository\com\aventstack\extentreports\5.1.0\extentreports-5.1.0.jar;C:\Users\S.D.Manoj\.m2\repository\io\reactivex\rxjava3\rxjava\3.1.6\rxjava-3.1.6.jar;C:\Users\S.D.Manoj\.m2\repository\org\reactivestreams\reactive-streams\1.0.4\reactive-streams-1.0.4.jar;C:\Users\S.D.Manoj\.m2\repository\org\freemarker\freemarker\2.3.32\freemarker-2.3.32.jar;C:\Users\S.D.Manoj\.m2\repository\org\projectlombok\lombok\1.18.26\lombok-1.18.26.jar;C:\Users\S.D.Manoj\.m2\repository\com\google\code\gson\gson\2.10.1\gson-2.10.1.jar;C:\Users\S.D.Manoj\.m2\repository\tech\grasshopper\extent-pdf-report\2.12.0\extent-pdf-report-2.12.0.jar;C:\Users\S.D.Manoj\.m2\repository\tech\grasshopper\cucumber-pdf-report\2.14.0\cucumber-pdf-report-2.14.0.jar;C:\Users\S.D.Manoj\.m2\repository\org\apache\pdfbox\pdfbox\2.0.26\pdfbox-2.0.26.jar;C:\Users\S.D.Manoj\.m2\repository\org\apache\pdfbox\fontbox\2.0.26\fontbox-2.0.26.jar;C:\Users\S.D.Manoj\.m2\repository\org\knowm\xchart\xchart\3.8.0\xchart-3.8.0.jar;C:\Users\S.D.Manoj\.m2\repository\de\erichseifert\vectorgraphics2d\VectorGraphics2D\0.13\VectorGraphics2D-0.13.jar;C:\Users\S.D.Manoj\.m2\repository\de\rototor\pdfbox\graphics2d\0.30\graphics2d-0.30.jar;C:\Users\S.D.Manoj\.m2\repository\com\madgag\animated-gif-lib\1.4\animated-gif-lib-1.4.jar;C:\Users\S.D.Manoj\.m2\repository\org\yaml\snakeyaml\2.0\snakeyaml-2.0.jar;C:\Users\S.D.Manoj\.m2\repository\tech\grasshopper\table-layout\1.5.1\table-layout-1.5.1.jar;C:\Users\S.D.Manoj\.m2\repository\tech\grasshopper\rest-assured-cucumber-pdf-report\1.5.0\rest-assured-cucumber-pdf-report-1.5.0.jar;C:\Users\S.D.Manoj\.m2\repository\org\jsoup\jsoup\1.15.3\jsoup-1.15.3.jar;C:\Users\S.D.Manoj\.m2\repository\com\aventstack\klov-reporter\5.1.0\klov-reporter-5.1.0.jar;C:\Users\S.D.Manoj\.m2\repository\org\mongodb\mongodb-driver\3.6.4\mongodb-driver-3.6.4.jar;C:\Users\S.D.Manoj\.m2\repository\org\mongodb\mongodb-driver-core\3.6.4\mongodb-driver-core-3.6.4.jar;C:\Users\S.D.Manoj\.m2\repository\org\mongodb\bson\3.6.4\bson-3.6.4.jar;C:\Users\S.D.Manoj\.m2\repository\org\apache\httpcomponents\httpclient\4.5.13\httpclient-4.5.13.jar;C:\Users\S.D.Manoj\.m2\repository\org\apache\httpcomponents\httpcore\4.4.13\httpcore-4.4.13.jar;C:\Users\S.D.Manoj\.m2\repository\commons-logging\commons-logging\1.2\commons-logging-1.2.jar;C:\Users\S.D.Manoj\.m2\repository\commons-codec\commons-codec\1.11\commons-codec-1.11.jar;C:\Users\S.D.Manoj\.m2\repository\org\apache\httpcomponents\httpmime\4.5.13\httpmime-4.5.13.jar;C:\Users\S.D.Manoj\.m2\repository\tech\grasshopper\htmlextentreporter\1.1.0\htmlextentreporter-1.1.0.jar;C:\Users\S.D.Manoj\.m2\repository\tech\grasshopper\extent-excel-report\1.4.0\extent-excel-report-1.4.0.jar;C:\Users\S.D.Manoj\.m2\repository\org\apache\poi\poi\5.2.3\poi-5.2.3.jar;C:\Users\S.D.Manoj\.m2\repository\org\apache\commons\commons-collections4\4.4\commons-collections4-4.4.jar;C:\Users\S.D.Manoj\.m2\repository\org\apache\commons\commons-math3\3.6.1\commons-math3-3.6.1.jar;C:\Users\S.D.Manoj\.m2\repository\commons-io\commons-io\2.11.0\commons-io-2.11.0.jar;C:\Users\S.D.Manoj\.m2\repository\com\zaxxer\SparseBitSet\1.2\SparseBitSet-1.2.jar;C:\Users\S.D.Manoj\.m2\repository\org\apache\poi\poi-ooxml\5.2.3\poi-ooxml-5.2.3.jar;C:\Users\S.D.Manoj\.m2\repository\org\apache\poi\poi-ooxml-lite\5.2.3\poi-ooxml-lite-5.2.3.jar;C:\Users\S.D.Manoj\.m2\repository\org\apache\xmlbeans\xmlbeans\5.1.1\xmlbeans-5.1.1.jar;C:\Users\S.D.Manoj\.m2\repository\org\apache\commons\commons-compress\1.21\commons-compress-1.21.jar;C:\Users\S.D.Manoj\.m2\repository\com\github\virtuald\curvesapi\1.07\curvesapi-1.07.jar;C:\Users\S.D.Manoj\.m2\repository\org\apache\commons\commons-lang3\3.12.0\commons-lang3-3.12.0.jar;C:\Users\S.D.Manoj\.m2\repository\org\apache\logging\log4j\log4j-core\2.20.0\log4j-core-2.20.0.jar;C:\Users\S.D.Manoj\.m2\repository\org\apache\logging\log4j\log4j-api\2.20.0\log4j-api-2.20.0.jar;C:\Users\S.D.Manoj\.m2\repository\org\testng\testng\7.10.2\testng-7.10.2.jar;C:\Users\S.D.Manoj\.m2\repository\org\slf4j\slf4j-api\1.7.36\slf4j-api-1.7.36.jar;C:\Users\S.D.Manoj\.m2\repository\com\beust\jcommander\1.82\jcommander-1.82.jar;C:\Users\S.D.Manoj\.m2\repository\org\webjars\jquery\3.7.1\jquery-3.7.1.jar;C:\Users\S.D.Manoj\.m2\repository\io\cucumber\cucumber-testng\7.18.0\cucumber-testng-7.18.0.jar;C:\Users\S.D.Manoj\.m2\repository\org\apache\logging\log4j\log4j-slf4j-impl\2.17.1\log4j-slf4j-impl-2.17.1.jar;"/>
    <property name="sun.cpu.endian" value="little"/>
    <property name="user.home" value="C:\Users\S.D.Manoj"/>
    <property name="user.language" value="en"/>
    <property name="java.specification.vendor" value="Oracle Corporation"/>
    <property name="java.version.date" value="2022-07-19"/>
    <property name="java.home" value="C:\Program Files\Java\jdk-18.0.2"/>
    <property name="file.separator" value="\"/>
    <property name="basedir" value="D:\New folder\Workspace\hackathonprojectcucumber"/>
    <property name="java.vm.compressedOopsMode" value="Zero based"/>
    <property name="line.separator" value="&#10;"/>
    <property name="java.vm.specification.vendor" value="Oracle Corporation"/>
    <property name="java.specification.name" value="Java Platform API Specification"/>
    <property name="surefire.real.class.path" value="C:\Users\S.D.Manoj\AppData\Local\Temp\surefire16836755077012218958\surefirebooter-20240615234014437_3.jar"/>
    <property name="user.script" value=""/>
    <property name="sun.management.compiler" value="HotSpot 64-Bit Tiered Compilers"/>
    <property name="java.runtime.version" value="18.0.2+9-61"/>
    <property name="user.name" value="S.D.Manoj"/>
    <property name="path.separator" value=";"/>
    <property name="os.version" value="10.0"/>
    <property name="java.runtime.name" value="Java(TM) SE Runtime Environment"/>
    <property name="file.encoding" value="UTF-8"/>
    <property name="java.vm.name" value="Java HotSpot(TM) 64-Bit Server VM"/>
    <property name="localRepository" value="C:\Users\S.D.Manoj\.m2\repository"/>
    <property name="java.vendor.url.bug" value="https://bugreport.java.com/bugreport/"/>
    <property name="java.io.tmpdir" value="C:\Users\SD2971~1.MAN\AppData\Local\Temp\"/>
    <property name="java.version" value="18.0.2"/>
    <property name="user.dir" value="D:\New folder\Workspace\hackathonprojectcucumber"/>
    <property name="os.arch" value="amd64"/>
    <property name="java.vm.specification.name" value="Java Virtual Machine Specification"/>
    <property name="sun.os.patch.level" value=""/>
    <property name="native.encoding" value="Cp1252"/>
    <property name="java.library.path" value="C:\Program Files\Java\jdk-18.0.2\bin;C:\WINDOWS\Sun\Java\bin;C:\WINDOWS\system32;C:\WINDOWS;C:\Program Files\Python312\Scripts\;C:\Program Files\Python312\;C:\Program Files (x86)\Common Files\Intel\Shared Libraries\redist\intel64\compiler;C:\Program Files\Common Files\Oracle\Java\javapath;C:\Program Files (x86)\Common Files\Oracle\Java\javapath;C:\Windows\system32;C:\Windows;C:\Windows\System32\Wbem;C:\Windows\System32\WindowsPowerShell\v1.0\;C:\Windows\System32\OpenSSH\;C:\Program Files (x86)\NVIDIA Corporation\PhysX\Common;C:\Program Files\NVIDIA Corporation\NVIDIA NvDLISR;C:\Program Files\dotnet\;C:\WINDOWS\system32;C:\WINDOWS;C:\WINDOWS\System32\Wbem;C:\WINDOWS\System32\WindowsPowerShell\v1.0\;C:\WINDOWS\System32\OpenSSH\;C:\Users\S.D.Manoj\AppData\Local\Microsoft\WindowsApps;C:\Users\S.D.Manoj\.dotnet\tools;C:\Users\S.D.Manoj\AppData\Local\Programs\Microsoft VS Code\bin;C:\adb;C:\Android;C:\Program Files (x86)\dotnet\;C:\Program Files (x86)\QuickTime\QTSystem\;C:\Program Files\Cloudflare\Cloudflare WARP\;C:\WINDOWS\system32;C:\WINDOWS;C:\WINDOWS\System32\Wbem;C:\WINDOWS\System32\WindowsPowerShell\v1.0\;C:\WINDOWS\System32\OpenSSH\;D:\New folder\Sofwares\apache-maven-3.9.7-bin\apache-maven-3.9.7\bin;C:\Users\S.D.Manoj\AppData\Local\Microsoft\WindowsApps;C:\Users\S.D.Manoj\AppData\Local\Programs\Microsoft VS Code\bin;C:\Users\S.D.Manoj\.dotnet\tools;;."/>
    <property name="java.vm.info" value="mixed mode, sharing"/>
    <property name="java.vendor" value="Oracle Corporation"/>
    <property name="java.vm.version" value="18.0.2+9-61"/>
    <property name="sun.io.unicode.encoding" value="UnicodeLittle"/>
    <property name="java.class.version" value="62.0"/>
  </properties>
  <testcase name="runScenario[&quot;UpcomingBikes&quot;, &quot;91Wheels&quot;](1)" classname="TestRunner.TestRunner" time="24.488">
    <system-out><![CDATA[
Scenario: UpcomingBikes                                                             &amp#27;[90m# Features/hackathon.feature:2&amp#27;[0m
No notification access pop up appeared
  &amp#27;[32mGiven &amp#27;[0m&amp#27;[32mapplication is opened (91Wheels)&amp#27;[0m                                            &amp#27;[90m# StepsDefinition.UpcomingBikes.openApplication()&amp#27;[0m

    Embedding UpcomingBikes [image/png 978025 bytes]

  &amp#27;[32mAnd &amp#27;[0m&amp#27;[32mnavigated to upcoming bikes page&amp#27;[0m                                              &amp#27;[90m# StepsDefinition.UpcomingBikes.naviagteUpcomingBikes()&amp#27;[0m

    Embedding UpcomingBikes [image/png 37440 bytes]

  &amp#27;[32mWhen &amp#27;[0m&amp#27;[32mHonda is selected from the bike brands&amp#27;[0m                                       &amp#27;[90m# StepsDefinition.UpcomingBikes.selectBrand()&amp#27;[0m

    Embedding UpcomingBikes [image/png 287989 bytes]

  &amp#27;[32mAnd &amp#27;[0m&amp#27;[32mLoad more is clicked&amp#27;[0m                                                          &amp#27;[90m# StepsDefinition.UpcomingBikes.clickLoadMore()&amp#27;[0m

    Embedding UpcomingBikes [image/png 445640 bytes]

Honda CBR300R
Price: ₹ 2.00 - ₹ 2.30 Lakh*
Launch Date: August 2024


Honda CRF190L
Price: ₹ 1.98 Lakh*
Launch Date: June 2024


Honda CBR150R
Price: ₹ 1.70 Lakh*
Launch Date: July 2024


Honda NT1100
Price: ₹ 1.70 Lakh*
Launch Date: July 2024


Honda Rebel 300
Price: ₹ 2.30 Lakh*
Launch Date: July 2024


Honda NX200
Price: ₹ 1.20 Lakh*
Launch Date: August 2024


Honda CB350 Cafe Racer
Price: ₹ 2.20 - ₹ 2.30 Lakh*
Launch Date: July 2024


Honda CRF300L
Price: ₹ 3.00 Lakh*
Launch Date: July 2024


Honda Hornet
Price: ₹ 2.50 Lakh*
Launch Date: July 2024


Honda XRE 300
Price: ₹ 3.00 Lakh*
Launch Date: July 2024


Honda CRF300 Rally
Price: ₹ 3.50 Lakh*
Launch Date: August 2024


  &amp#27;[32mThen &amp#27;[0m&amp#27;[32mprint bike name, expected price and launch date of bikes priced below 4Lakhs&amp#27;[0m &amp#27;[90m# StepsDefinition.UpcomingBikes.getBikesDetails()&amp#27;[0m

    Embedding UpcomingBikes [image/png 445693 bytes]

]]></system-out>
  </testcase>
  <testcase name="runScenario[&quot;UsedCarsChennai&quot;, &quot;91Wheels&quot;](2)" classname="TestRunner.TestRunner" time="14.878">
    <system-out><![CDATA[
Scenario: UsedCarsChennai                    &amp#27;[90m# Features/hackathon.feature:9&amp#27;[0m
No notification access pop up appeared
  &amp#27;[32mGiven &amp#27;[0m&amp#27;[32mapplication is opened (91Wheels)&amp#27;[0m     &amp#27;[90m# StepsDefinition.UpcomingBikes.openApplication()&amp#27;[0m

    Embedding UsedCarsChennai [image/png 1001043 bytes]

  &amp#27;[32mAnd &amp#27;[0m&amp#27;[32mnavigated to used Cars in chennai page&amp#27;[0m &amp#27;[90m# StepsDefinition.PopularUsedCars.naviagteUsedCarsPage()&amp#27;[0m

    Embedding UsedCarsChennai [image/png 37409 bytes]

  &amp#27;[32mWhen &amp#27;[0m&amp#27;[32mClicked on read more button&amp#27;[0m           &amp#27;[90m# StepsDefinition.PopularUsedCars.readMore()&amp#27;[0m

    Embedding UsedCarsChennai [image/png 166005 bytes]

1.Honda Amaze
Rs. 3.97 Lakh - 9.77 Lakh


2.Maruti Alto K10
Rs. 2.19 Lakh - 3.59 Lakh


3.Tata NEXON
Rs. 5.85 Lakh - 10.96 Lakh


4.Renault TRIBER
Rs. 5.62 Lakh - 6.91 Lakh


5.KIA SONET
Rs. 9.29 Lakh - 10.50 Lakh


  &amp#27;[32mThen &amp#27;[0m&amp#27;[32mprint the popular cars details&amp#27;[0m        &amp#27;[90m# StepsDefinition.PopularUsedCars.printPopularCarsChennai()&amp#27;[0m

    Embedding UsedCarsChennai [image/png 166005 bytes]

]]></system-out>
  </testcase>
  <testcase name="runScenario[&quot;GoogleLogin&quot;, &quot;91Wheels&quot;](3)" classname="TestRunner.TestRunner" time="15.523">
    <system-out><![CDATA[
Scenario: GoogleLogin                     &amp#27;[90m# Features/hackathon.feature:15&amp#27;[0m
No notification access pop up appeared
  &amp#27;[32mGiven &amp#27;[0m&amp#27;[32mapplication is opened (91Wheels)&amp#27;[0m  &amp#27;[90m# StepsDefinition.UpcomingBikes.openApplication()&amp#27;[0m

    Embedding GoogleLogin [image/png 1001043 bytes]

  &amp#27;[32mAnd &amp#27;[0m&amp#27;[32mnavigated login Window&amp#27;[0m              &amp#27;[90m# StepsDefinition.GoogleLogin.navigateLoginWindow()&amp#27;[0m

    Embedding GoogleLogin [image/png 488598 bytes]

  &amp#27;[32mWhen &amp#27;[0m&amp#27;[32msign in with google button clicked&amp#27;[0m &amp#27;[90m# StepsDefinition.GoogleLogin.signInWithGoogle()&amp#27;[0m

    Embedding GoogleLogin [image/png 495963 bytes]

  &amp#27;[32mAnd &amp#27;[0m&amp#27;[32mentered email and clicked next&amp#27;[0m      &amp#27;[90m# StepsDefinition.GoogleLogin.putMail()&amp#27;[0m

    Embedding GoogleLogin [image/png 44417 bytes]

Couldn’t find your Google Account
  &amp#27;[32mThen &amp#27;[0m&amp#27;[32mprint the error message&amp#27;[0m            &amp#27;[90m# StepsDefinition.GoogleLogin.printErrorMsg()&amp#27;[0m

    Embedding GoogleLogin [image/png 52660 bytes]

]]></system-out>
  </testcase>
</testsuite>