<?xml version="1.0" encoding="UTF-8"?>
<!-- Generated by org.testng.reporters.JUnitReportReporter -->
<testsuite hostname="TUFF15" failures="0" tests="3" name="TestRunner.TestRunner" time="56.253" errors="0" timestamp="2024-06-15T23:21:14 IST" skipped="0">
  <testcase classname="TestRunner.TestRunner" name="runScenario" time="24.307"/>
  <testcase classname="TestRunner.TestRunner" name="runScenario" time="15.282"/>
  <testcase classname="TestRunner.TestRunner" name="runScenario" time="16.664"/>
</testsuite> <!-- TestRunner.TestRunner -->
