<?xml version="1.0" encoding="UTF-8"?>
<!-- Generated by org.testng.reporters.JUnitReportReporter -->
<testsuite hostname="TUFF15" failures="0" tests="3" name="TestRunner.TestRunner" time="54.892" errors="0" timestamp="2024-06-15T23:41:10 IST" skipped="0">
  <testcase classname="TestRunner.TestRunner" name="runScenario" time="15.524"/>
  <testcase classname="TestRunner.TestRunner" name="runScenario" time="24.487"/>
  <testcase classname="TestRunner.TestRunner" name="runScenario" time="14.881"/>
</testsuite> <!-- TestRunner.TestRunner -->
